2026-01-31 09:30:40,893 - quant_alpha.data.loader - INFO - Loading pickle: panel_sp500.pkl
2026-01-31 09:30:40,921 - quant_alpha.data.loader - INFO - Loaded 62,900 rows from pickle
2026-01-31 09:30:41,219 - quant_alpha.data.loader - WARNING - Tickers in config but not in data (12): ['AXP', 'BAC', 'BLK', 'BMY', 'DE', 'GE', 'LMT', 'RTX', 'SBUX', 'SPGI']...
2026-01-31 09:30:41,219 - quant_alpha.data.loader - INFO - Tickers in data but not in config (12): will be excluded
2026-01-31 09:30:41,244 - quant_alpha.data.loader - INFO - Universe filter: 38 of 50 tickers matched
2026-01-31 09:34:34,477 - quant_alpha.data.loader - INFO - Loading pickle: panel_sp500.pkl
2026-01-31 09:34:34,491 - quant_alpha.data.loader - INFO - Loaded 62,900 rows from pickle
2026-01-31 09:34:34,639 - quant_alpha.data.loader - WARNING - Tickers in config but not in data (12): ['AXP', 'BAC', 'BLK', 'BMY', 'DE', 'GE', 'LMT', 'RTX', 'SBUX', 'SPGI']...
2026-01-31 09:34:34,650 - quant_alpha.data.loader - INFO - Tickers in data but not in config (12): will be excluded
2026-01-31 09:34:34,658 - quant_alpha.data.loader - INFO - Universe filter: 38 of 50 tickers matched
2026-01-31 09:34:34,745 - quant_alpha.features.registry - INFO - Computing 0 factors for 38 stocks...
2026-01-31 09:34:34,938 - quant_alpha.features.registry - INFO - Adding 21-day forward return target
2026-01-31 09:34:35,000 - quant_alpha.features.registry - INFO - Created target 'forward_return' with 21-day forward return
2026-01-31 09:34:35,004 - quant_alpha.features.registry - INFO - Feature computation complete: (47804, 8) in 0.3s
2026-01-31 09:36:46,512 - quant_alpha.data.loader - INFO - Loading pickle: panel_sp500.pkl
2026-01-31 09:36:46,538 - quant_alpha.data.loader - INFO - Loaded 62,900 rows from pickle
2026-01-31 09:36:46,671 - quant_alpha.data.loader - WARNING - Tickers in config but not in data (12): ['AXP', 'BAC', 'BLK', 'BMY', 'DE', 'GE', 'LMT', 'RTX', 'SBUX', 'SPGI']...
2026-01-31 09:36:46,671 - quant_alpha.data.loader - INFO - Tickers in data but not in config (12): will be excluded
2026-01-31 09:36:46,682 - quant_alpha.data.loader - INFO - Universe filter: 38 of 50 tickers matched
2026-01-31 09:36:46,753 - quant_alpha.data.loader - INFO - Data validation passed [OK]
2026-01-31 09:36:46,774 - quant_alpha.features.registry - INFO - Computing 0 factors for 38 stocks...
2026-01-31 09:36:46,950 - quant_alpha.features.registry - INFO - Adding 21-day forward return target
2026-01-31 09:36:47,014 - quant_alpha.features.registry - INFO - Created target 'forward_return' with 21-day forward return
2026-01-31 09:36:47,014 - quant_alpha.features.registry - INFO - Feature computation complete: (47804, 8) in 0.2s
2026-01-31 09:39:25,782 - quant_alpha.data.loader - INFO - Loading pickle: panel_sp500.pkl
2026-01-31 09:39:25,798 - quant_alpha.data.loader - INFO - Loaded 62,900 rows from pickle
2026-01-31 09:39:25,926 - quant_alpha.data.loader - WARNING - Tickers in config but not in data (12): ['AXP', 'BAC', 'BLK', 'BMY', 'DE', 'GE', 'LMT', 'RTX', 'SBUX', 'SPGI']...
2026-01-31 09:39:25,926 - quant_alpha.data.loader - INFO - Tickers in data but not in config (12): will be excluded
2026-01-31 09:39:25,926 - quant_alpha.data.loader - INFO - Universe filter: 38 of 50 tickers matched
2026-01-31 09:39:26,004 - quant_alpha.data.loader - INFO - Data validation passed [OK]
2026-01-31 09:39:26,025 - quant_alpha.features.registry - INFO - Registering default factors...
2026-01-31 09:39:26,025 - quant_alpha.features.momentum - INFO - Created 16 momentum factors
2026-01-31 09:39:26,025 - quant_alpha.features.registry - INFO -   Momentum: 16 factors
2026-01-31 09:39:26,025 - quant_alpha.features.mean_reversion - INFO - Created 12 mean reversion factors
2026-01-31 09:39:26,025 - quant_alpha.features.registry - INFO -   Mean Reversion: 12 factors
2026-01-31 09:39:26,025 - quant_alpha.features.microstructure - INFO - Created 19 microstructure factors
2026-01-31 09:39:26,025 - quant_alpha.features.registry - INFO -   Microstructure: 19 factors
2026-01-31 09:39:26,025 - quant_alpha.features.registry - INFO - Registered 47 total factors (total: 47)
2026-01-31 09:39:26,030 - quant_alpha.features.registry - INFO - Computing 47 factors for 38 stocks...
2026-01-31 09:39:31,226 - quant_alpha.features.registry - INFO - Winsorizing 47 features at (0.01, 0.99)
2026-01-31 09:41:16,310 - quant_alpha.features.registry - INFO - Normalizing features using rank
2026-01-31 09:41:17,219 - quant_alpha.features.registry - INFO - Adding 21-day forward return target
2026-01-31 09:41:17,331 - quant_alpha.features.registry - INFO - Created target 'forward_return' with 21-day forward return
2026-01-31 09:41:17,362 - quant_alpha.features.registry - INFO - Feature computation complete: (47804, 55) in 111.3s
2026-01-31 09:41:17,411 - quant_alpha.models.trainer - INFO - WalkForwardTrainer initialized with 47 features
2026-01-31 09:41:17,461 - quant_alpha.models.trainer - INFO - Created 12 time splits
2026-01-31 09:41:17,577 - quant_alpha.models.boosting - INFO - LightGBMModel initialized with 47 features
2026-01-31 09:41:17,577 - quant_alpha.models.boosting - INFO - Training on 14,927 samples...
2026-01-31 09:41:17,632 - quant_alpha.models.boosting - INFO - Using 2,849 validation samples
2026-01-31 09:41:17,934 - quant_alpha.models.boosting - INFO - Training complete in 0.4s (best iteration: 6)
2026-01-31 09:41:18,493 - quant_alpha.models.boosting - INFO - LightGBMModel initialized with 47 features
2026-01-31 09:41:18,495 - quant_alpha.models.boosting - INFO - Training on 16,812 samples...
2026-01-31 09:41:18,543 - quant_alpha.models.boosting - INFO - Using 3,320 validation samples
2026-01-31 09:41:18,852 - quant_alpha.models.boosting - INFO - Training complete in 0.4s (best iteration: 8)
2026-01-31 09:41:19,510 - quant_alpha.models.boosting - INFO - LightGBMModel initialized with 47 features
2026-01-31 09:41:19,512 - quant_alpha.models.boosting - INFO - Training on 18,727 samples...
2026-01-31 09:41:19,565 - quant_alpha.models.boosting - INFO - Using 3,799 validation samples
2026-01-31 09:41:19,817 - quant_alpha.models.boosting - INFO - Training complete in 0.3s (best iteration: 2)
2026-01-31 09:41:20,497 - quant_alpha.models.boosting - INFO - LightGBMModel initialized with 47 features
2026-01-31 09:41:20,497 - quant_alpha.models.boosting - INFO - Training on 20,612 samples...
2026-01-31 09:41:20,553 - quant_alpha.models.boosting - INFO - Using 4,270 validation samples
2026-01-31 09:41:20,810 - quant_alpha.models.boosting - INFO - Training complete in 0.3s (best iteration: 1)
2026-01-31 09:41:21,609 - quant_alpha.models.boosting - INFO - LightGBMModel initialized with 47 features
2026-01-31 09:41:21,609 - quant_alpha.models.boosting - INFO - Training on 22,588 samples...
2026-01-31 09:41:21,694 - quant_alpha.models.boosting - INFO - Using 4,764 validation samples
2026-01-31 09:41:22,012 - quant_alpha.models.boosting - INFO - Training complete in 0.4s (best iteration: 2)
2026-01-31 09:41:22,948 - quant_alpha.models.boosting - INFO - LightGBMModel initialized with 47 features
2026-01-31 09:41:22,950 - quant_alpha.models.boosting - INFO - Training on 24,412 samples...
2026-01-31 09:41:23,011 - quant_alpha.models.boosting - INFO - Using 5,220 validation samples
2026-01-31 09:41:23,304 - quant_alpha.models.boosting - INFO - Training complete in 0.4s (best iteration: 1)
2026-01-31 09:41:24,347 - quant_alpha.models.boosting - INFO - LightGBMModel initialized with 47 features
2026-01-31 09:41:24,347 - quant_alpha.models.boosting - INFO - Training on 26,327 samples...
2026-01-31 09:41:24,428 - quant_alpha.models.boosting - INFO - Using 5,699 validation samples
2026-01-31 09:41:24,724 - quant_alpha.models.boosting - INFO - Training complete in 0.4s (best iteration: 4)
2026-01-31 09:41:25,737 - quant_alpha.models.boosting - INFO - LightGBMModel initialized with 47 features
2026-01-31 09:41:25,737 - quant_alpha.models.boosting - INFO - Training on 28,242 samples...
2026-01-31 09:41:25,795 - quant_alpha.models.boosting - INFO - Using 6,178 validation samples
2026-01-31 09:41:26,087 - quant_alpha.models.boosting - INFO - Training complete in 0.3s (best iteration: 1)
2026-01-31 09:41:27,143 - quant_alpha.models.boosting - INFO - LightGBMModel initialized with 47 features
2026-01-31 09:41:27,145 - quant_alpha.models.boosting - INFO - Training on 30,218 samples...
2026-01-31 09:41:27,212 - quant_alpha.models.boosting - INFO - Using 6,672 validation samples
2026-01-31 09:41:27,523 - quant_alpha.models.boosting - INFO - Training complete in 0.4s (best iteration: 1)
2026-01-31 09:41:28,695 - quant_alpha.models.boosting - INFO - LightGBMModel initialized with 47 features
2026-01-31 09:41:28,695 - quant_alpha.models.boosting - INFO - Training on 32,072 samples...
2026-01-31 09:41:28,762 - quant_alpha.models.boosting - INFO - Using 7,136 validation samples
2026-01-31 09:41:29,087 - quant_alpha.models.boosting - INFO - Training complete in 0.4s (best iteration: 3)
2026-01-31 09:41:30,372 - quant_alpha.models.boosting - INFO - LightGBMModel initialized with 47 features
2026-01-31 09:41:30,372 - quant_alpha.models.boosting - INFO - Training on 33,988 samples...
2026-01-31 09:41:30,474 - quant_alpha.models.boosting - INFO - Using 7,614 validation samples
2026-01-31 09:41:30,827 - quant_alpha.models.boosting - INFO - Training complete in 0.5s (best iteration: 1)
2026-01-31 09:41:32,034 - quant_alpha.models.boosting - INFO - LightGBMModel initialized with 47 features
2026-01-31 09:41:32,036 - quant_alpha.models.boosting - INFO - Training on 35,903 samples...
2026-01-31 09:41:32,111 - quant_alpha.models.boosting - INFO - Using 8,093 validation samples
2026-01-31 09:41:32,458 - quant_alpha.models.boosting - INFO - Training complete in 0.4s (best iteration: 3)
2026-01-31 09:43:37,036 - quant_alpha.data.loader - INFO - Loading pickle: panel_sp500.pkl
2026-01-31 09:43:37,045 - quant_alpha.data.loader - INFO - Loaded 62,900 rows from pickle
2026-01-31 09:43:37,137 - quant_alpha.data.loader - WARNING - Tickers in config but not in data (12): ['AXP', 'BAC', 'BLK', 'BMY', 'DE', 'GE', 'LMT', 'RTX', 'SBUX', 'SPGI']...
2026-01-31 09:43:37,137 - quant_alpha.data.loader - INFO - Tickers in data but not in config (12): will be excluded
2026-01-31 09:43:37,143 - quant_alpha.data.loader - INFO - Universe filter: 38 of 50 tickers matched
2026-01-31 09:43:37,168 - quant_alpha.data.loader - INFO - Data validation passed [OK]
2026-01-31 09:43:37,176 - quant_alpha.features.registry - INFO - Registering default factors...
2026-01-31 09:43:37,176 - quant_alpha.features.momentum - INFO - Created 16 momentum factors
2026-01-31 09:43:37,176 - quant_alpha.features.registry - INFO -   Momentum: 16 factors
2026-01-31 09:43:37,176 - quant_alpha.features.mean_reversion - INFO - Created 12 mean reversion factors
2026-01-31 09:43:37,177 - quant_alpha.features.registry - INFO -   Mean Reversion: 12 factors
2026-01-31 09:43:37,177 - quant_alpha.features.microstructure - INFO - Created 19 microstructure factors
2026-01-31 09:43:37,177 - quant_alpha.features.registry - INFO -   Microstructure: 19 factors
2026-01-31 09:43:37,177 - quant_alpha.features.registry - INFO - Registered 47 total factors (total: 47)
2026-01-31 09:43:37,179 - quant_alpha.features.registry - INFO - Computing 47 factors for 38 stocks...
2026-01-31 09:43:40,222 - quant_alpha.features.registry - INFO - Winsorizing 47 features at (0.01, 0.99)
2026-01-31 09:44:41,602 - quant_alpha.features.registry - INFO - Normalizing features using rank
2026-01-31 09:44:42,019 - quant_alpha.features.registry - INFO - Adding 21-day forward return target
2026-01-31 09:44:42,091 - quant_alpha.features.registry - INFO - Created target 'forward_return' with 21-day forward return
2026-01-31 09:44:42,097 - quant_alpha.features.registry - INFO - Feature computation complete: (47804, 55) in 64.9s
2026-01-31 09:44:42,143 - quant_alpha.models.trainer - INFO - WalkForwardTrainer initialized with 47 features
2026-01-31 09:44:42,162 - quant_alpha.models.trainer - INFO - Created 12 time splits
2026-01-31 09:44:42,213 - quant_alpha.models.boosting - INFO - LightGBMModel initialized with 47 features
2026-01-31 09:44:42,213 - quant_alpha.models.boosting - INFO - Training on 14,927 samples...
2026-01-31 09:44:42,245 - quant_alpha.models.boosting - INFO - Using 2,849 validation samples
2026-01-31 09:44:42,314 - quant_alpha.models.boosting - INFO - Training complete in 0.1s (best iteration: 6)
2026-01-31 09:44:42,632 - quant_alpha.models.boosting - INFO - LightGBMModel initialized with 47 features
2026-01-31 09:44:42,632 - quant_alpha.models.boosting - INFO - Training on 16,812 samples...
2026-01-31 09:44:42,659 - quant_alpha.models.boosting - INFO - Using 3,320 validation samples
2026-01-31 09:44:42,726 - quant_alpha.models.boosting - INFO - Training complete in 0.1s (best iteration: 8)
2026-01-31 09:44:43,084 - quant_alpha.models.boosting - INFO - LightGBMModel initialized with 47 features
2026-01-31 09:44:43,084 - quant_alpha.models.boosting - INFO - Training on 18,727 samples...
2026-01-31 09:44:43,112 - quant_alpha.models.boosting - INFO - Using 3,799 validation samples
2026-01-31 09:44:43,184 - quant_alpha.models.boosting - INFO - Training complete in 0.1s (best iteration: 2)
2026-01-31 09:44:43,584 - quant_alpha.models.boosting - INFO - LightGBMModel initialized with 47 features
2026-01-31 09:44:43,585 - quant_alpha.models.boosting - INFO - Training on 20,612 samples...
2026-01-31 09:44:43,614 - quant_alpha.models.boosting - INFO - Using 4,270 validation samples
2026-01-31 09:44:43,691 - quant_alpha.models.boosting - INFO - Training complete in 0.1s (best iteration: 1)
2026-01-31 09:44:44,224 - quant_alpha.models.boosting - INFO - LightGBMModel initialized with 47 features
2026-01-31 09:44:44,224 - quant_alpha.models.boosting - INFO - Training on 22,588 samples...
2026-01-31 09:44:44,241 - quant_alpha.models.boosting - INFO - Using 4,764 validation samples
2026-01-31 09:44:44,351 - quant_alpha.models.boosting - INFO - Training complete in 0.1s (best iteration: 2)
2026-01-31 09:44:44,831 - quant_alpha.models.boosting - INFO - LightGBMModel initialized with 47 features
2026-01-31 09:44:44,831 - quant_alpha.models.boosting - INFO - Training on 24,412 samples...
2026-01-31 09:44:44,865 - quant_alpha.models.boosting - INFO - Using 5,220 validation samples
2026-01-31 09:44:44,944 - quant_alpha.models.boosting - INFO - Training complete in 0.1s (best iteration: 1)
2026-01-31 09:44:45,455 - quant_alpha.models.boosting - INFO - LightGBMModel initialized with 47 features
2026-01-31 09:44:45,455 - quant_alpha.models.boosting - INFO - Training on 26,327 samples...
2026-01-31 09:44:45,492 - quant_alpha.models.boosting - INFO - Using 5,699 validation samples
2026-01-31 09:44:45,585 - quant_alpha.models.boosting - INFO - Training complete in 0.1s (best iteration: 4)
2026-01-31 09:44:46,159 - quant_alpha.models.boosting - INFO - LightGBMModel initialized with 47 features
2026-01-31 09:44:46,159 - quant_alpha.models.boosting - INFO - Training on 28,242 samples...
2026-01-31 09:44:46,198 - quant_alpha.models.boosting - INFO - Using 6,178 validation samples
2026-01-31 09:44:46,291 - quant_alpha.models.boosting - INFO - Training complete in 0.1s (best iteration: 1)
2026-01-31 09:44:46,945 - quant_alpha.models.boosting - INFO - LightGBMModel initialized with 47 features
2026-01-31 09:44:46,947 - quant_alpha.models.boosting - INFO - Training on 30,218 samples...
2026-01-31 09:44:46,989 - quant_alpha.models.boosting - INFO - Using 6,672 validation samples
2026-01-31 09:44:47,073 - quant_alpha.models.boosting - INFO - Training complete in 0.1s (best iteration: 1)
2026-01-31 09:44:47,694 - quant_alpha.models.boosting - INFO - LightGBMModel initialized with 47 features
2026-01-31 09:44:47,694 - quant_alpha.models.boosting - INFO - Training on 32,072 samples...
2026-01-31 09:44:47,742 - quant_alpha.models.boosting - INFO - Using 7,136 validation samples
2026-01-31 09:44:47,885 - quant_alpha.models.boosting - INFO - Training complete in 0.2s (best iteration: 3)
2026-01-31 09:44:48,640 - quant_alpha.models.boosting - INFO - LightGBMModel initialized with 47 features
2026-01-31 09:44:48,641 - quant_alpha.models.boosting - INFO - Training on 33,988 samples...
2026-01-31 09:44:48,671 - quant_alpha.models.boosting - INFO - Using 7,614 validation samples
2026-01-31 09:44:48,812 - quant_alpha.models.boosting - INFO - Training complete in 0.2s (best iteration: 1)
2026-01-31 09:44:49,638 - quant_alpha.models.boosting - INFO - LightGBMModel initialized with 47 features
2026-01-31 09:44:49,638 - quant_alpha.models.boosting - INFO - Training on 35,903 samples...
2026-01-31 09:44:49,685 - quant_alpha.models.boosting - INFO - Using 8,093 validation samples
2026-01-31 09:44:49,790 - quant_alpha.models.boosting - INFO - Training complete in 0.1s (best iteration: 3)
2026-01-31 09:50:59,367 - quant_alpha.data.loader - INFO - Loading pickle: panel_sp500.pkl
2026-01-31 09:50:59,378 - quant_alpha.data.loader - INFO - Loaded 62,900 rows from pickle
2026-01-31 09:50:59,454 - quant_alpha.data.loader - WARNING - Tickers in config but not in data (12): ['AXP', 'BAC', 'BLK', 'BMY', 'DE', 'GE', 'LMT', 'RTX', 'SBUX', 'SPGI']...
2026-01-31 09:50:59,455 - quant_alpha.data.loader - INFO - Tickers in data but not in config (12): will be excluded
2026-01-31 09:50:59,460 - quant_alpha.data.loader - INFO - Universe filter: 38 of 50 tickers matched
2026-01-31 09:50:59,475 - quant_alpha.data.loader - INFO - Data validation passed [OK]
2026-01-31 09:50:59,490 - quant_alpha.features.registry - INFO - Registering default factors...
2026-01-31 09:50:59,491 - quant_alpha.features.momentum - INFO - Created 16 momentum factors
2026-01-31 09:50:59,491 - quant_alpha.features.registry - INFO -   Momentum: 16 factors
2026-01-31 09:50:59,491 - quant_alpha.features.mean_reversion - INFO - Created 12 mean reversion factors
2026-01-31 09:50:59,491 - quant_alpha.features.registry - INFO -   Mean Reversion: 12 factors
2026-01-31 09:50:59,492 - quant_alpha.features.microstructure - INFO - Created 19 microstructure factors
2026-01-31 09:50:59,493 - quant_alpha.features.registry - INFO -   Microstructure: 19 factors
2026-01-31 09:50:59,493 - quant_alpha.features.registry - INFO - Registered 47 total factors (total: 47)
2026-01-31 09:50:59,495 - quant_alpha.features.registry - INFO - Computing 47 factors for 38 stocks...
2026-01-31 09:51:02,505 - quant_alpha.features.registry - INFO - Winsorizing 47 features at (0.01, 0.99)
2026-01-31 09:52:03,234 - quant_alpha.features.registry - INFO - Normalizing features using rank
2026-01-31 09:52:03,720 - quant_alpha.features.registry - INFO - Adding 21-day forward return target
2026-01-31 09:52:03,776 - quant_alpha.features.registry - INFO - Created target 'forward_return' with 21-day forward return
2026-01-31 09:52:03,779 - quant_alpha.features.registry - INFO - Feature computation complete: (47804, 55) in 64.3s
2026-01-31 09:52:03,801 - quant_alpha.models.trainer - INFO - WalkForwardTrainer initialized with 47 features
2026-01-31 09:52:03,819 - quant_alpha.models.trainer - INFO - Created 12 time splits
2026-01-31 09:52:03,864 - quant_alpha.models.boosting - INFO - LightGBMModel initialized with 47 features
2026-01-31 09:52:03,864 - quant_alpha.models.boosting - INFO - Training on 14,927 samples...
2026-01-31 09:52:03,886 - quant_alpha.models.boosting - INFO - Using 2,849 validation samples
2026-01-31 09:52:03,964 - quant_alpha.models.boosting - INFO - Training complete in 0.1s (best iteration: 6)
2026-01-31 09:52:04,282 - quant_alpha.models.boosting - INFO - LightGBMModel initialized with 47 features
2026-01-31 09:52:04,282 - quant_alpha.models.boosting - INFO - Training on 16,812 samples...
2026-01-31 09:52:04,309 - quant_alpha.models.boosting - INFO - Using 3,320 validation samples
2026-01-31 09:52:04,375 - quant_alpha.models.boosting - INFO - Training complete in 0.1s (best iteration: 8)
2026-01-31 09:52:04,748 - quant_alpha.models.boosting - INFO - LightGBMModel initialized with 47 features
2026-01-31 09:52:04,748 - quant_alpha.models.boosting - INFO - Training on 18,727 samples...
2026-01-31 09:52:04,779 - quant_alpha.models.boosting - INFO - Using 3,799 validation samples
2026-01-31 09:52:04,845 - quant_alpha.models.boosting - INFO - Training complete in 0.1s (best iteration: 2)
2026-01-31 09:52:05,265 - quant_alpha.models.boosting - INFO - LightGBMModel initialized with 47 features
2026-01-31 09:52:05,265 - quant_alpha.models.boosting - INFO - Training on 20,612 samples...
2026-01-31 09:52:05,296 - quant_alpha.models.boosting - INFO - Using 4,270 validation samples
2026-01-31 09:52:05,394 - quant_alpha.models.boosting - INFO - Training complete in 0.1s (best iteration: 1)
2026-01-31 09:52:05,926 - quant_alpha.models.boosting - INFO - LightGBMModel initialized with 47 features
2026-01-31 09:52:05,926 - quant_alpha.models.boosting - INFO - Training on 22,588 samples...
2026-01-31 09:52:05,960 - quant_alpha.models.boosting - INFO - Using 4,764 validation samples
2026-01-31 09:52:06,040 - quant_alpha.models.boosting - INFO - Training complete in 0.1s (best iteration: 2)
2026-01-31 09:52:06,530 - quant_alpha.models.boosting - INFO - LightGBMModel initialized with 47 features
2026-01-31 09:52:06,531 - quant_alpha.models.boosting - INFO - Training on 24,412 samples...
2026-01-31 09:52:06,564 - quant_alpha.models.boosting - INFO - Using 5,220 validation samples
2026-01-31 09:52:06,639 - quant_alpha.models.boosting - INFO - Training complete in 0.1s (best iteration: 1)
2026-01-31 09:52:07,173 - quant_alpha.models.boosting - INFO - LightGBMModel initialized with 47 features
2026-01-31 09:52:07,173 - quant_alpha.models.boosting - INFO - Training on 26,327 samples...
2026-01-31 09:52:07,214 - quant_alpha.models.boosting - INFO - Using 5,699 validation samples
2026-01-31 09:52:07,301 - quant_alpha.models.boosting - INFO - Training complete in 0.1s (best iteration: 4)
2026-01-31 09:52:07,859 - quant_alpha.models.boosting - INFO - LightGBMModel initialized with 47 features
2026-01-31 09:52:07,859 - quant_alpha.models.boosting - INFO - Training on 28,242 samples...
2026-01-31 09:52:07,896 - quant_alpha.models.boosting - INFO - Using 6,178 validation samples
2026-01-31 09:52:07,987 - quant_alpha.models.boosting - INFO - Training complete in 0.1s (best iteration: 1)
2026-01-31 09:52:08,631 - quant_alpha.models.boosting - INFO - LightGBMModel initialized with 47 features
2026-01-31 09:52:08,631 - quant_alpha.models.boosting - INFO - Training on 30,218 samples...
2026-01-31 09:52:08,673 - quant_alpha.models.boosting - INFO - Using 6,672 validation samples
2026-01-31 09:52:08,758 - quant_alpha.models.boosting - INFO - Training complete in 0.1s (best iteration: 1)
2026-01-31 09:52:09,411 - quant_alpha.models.boosting - INFO - LightGBMModel initialized with 47 features
2026-01-31 09:52:09,411 - quant_alpha.models.boosting - INFO - Training on 32,072 samples...
2026-01-31 09:52:09,457 - quant_alpha.models.boosting - INFO - Using 7,136 validation samples
2026-01-31 09:52:09,548 - quant_alpha.models.boosting - INFO - Training complete in 0.1s (best iteration: 3)
2026-01-31 09:52:10,306 - quant_alpha.models.boosting - INFO - LightGBMModel initialized with 47 features
2026-01-31 09:52:10,306 - quant_alpha.models.boosting - INFO - Training on 33,988 samples...
2026-01-31 09:52:10,334 - quant_alpha.models.boosting - INFO - Using 7,614 validation samples
2026-01-31 09:52:10,512 - quant_alpha.models.boosting - INFO - Training complete in 0.2s (best iteration: 1)
2026-01-31 09:52:11,278 - quant_alpha.models.boosting - INFO - LightGBMModel initialized with 47 features
2026-01-31 09:52:11,279 - quant_alpha.models.boosting - INFO - Training on 35,903 samples...
2026-01-31 09:52:11,325 - quant_alpha.models.boosting - INFO - Using 8,093 validation samples
2026-01-31 09:52:11,427 - quant_alpha.models.boosting - INFO - Training complete in 0.1s (best iteration: 3)
2026-01-31 09:52:12,592 - quant_alpha.models.trainer - INFO - Results saved to E:\coding\quant_alpha_research\results\validation_results.csv
2026-01-31 09:54:46,262 - quant_alpha.data.loader - INFO - Loading pickle: panel_sp500.pkl
2026-01-31 09:54:46,268 - quant_alpha.data.loader - INFO - Loaded 62,900 rows from pickle
2026-01-31 09:54:46,346 - quant_alpha.data.loader - WARNING - Tickers in config but not in data (12): ['AXP', 'BAC', 'BLK', 'BMY', 'DE', 'GE', 'LMT', 'RTX', 'SBUX', 'SPGI']...
2026-01-31 09:54:46,346 - quant_alpha.data.loader - INFO - Tickers in data but not in config (12): will be excluded
2026-01-31 09:54:46,355 - quant_alpha.data.loader - INFO - Universe filter: 38 of 50 tickers matched
2026-01-31 09:54:46,375 - quant_alpha.data.loader - INFO - Data validation passed [OK]
2026-01-31 09:54:46,387 - quant_alpha.features.registry - INFO - Registering default factors...
2026-01-31 09:54:46,387 - quant_alpha.features.momentum - INFO - Created 16 momentum factors
2026-01-31 09:54:46,388 - quant_alpha.features.registry - INFO -   Momentum: 16 factors
2026-01-31 09:54:46,388 - quant_alpha.features.mean_reversion - INFO - Created 12 mean reversion factors
2026-01-31 09:54:46,389 - quant_alpha.features.registry - INFO -   Mean Reversion: 12 factors
2026-01-31 09:54:46,389 - quant_alpha.features.microstructure - INFO - Created 19 microstructure factors
2026-01-31 09:54:46,389 - quant_alpha.features.registry - INFO -   Microstructure: 19 factors
2026-01-31 09:54:46,389 - quant_alpha.features.registry - INFO - Registered 47 total factors (total: 47)
2026-01-31 09:54:46,389 - quant_alpha.features.registry - INFO - Computing 47 factors for 38 stocks...
2026-01-31 09:54:49,405 - quant_alpha.features.registry - INFO - Winsorizing 47 features at (0.01, 0.99)
2026-01-31 09:55:50,250 - quant_alpha.features.registry - INFO - Normalizing features using rank
2026-01-31 09:55:50,720 - quant_alpha.features.registry - INFO - Adding 21-day forward return target
2026-01-31 09:55:50,793 - quant_alpha.features.registry - INFO - Created target 'forward_return' with 21-day forward return
2026-01-31 09:55:50,796 - quant_alpha.features.registry - INFO - Feature computation complete: (47804, 55) in 64.4s
2026-01-31 09:55:50,823 - quant_alpha.models.trainer - INFO - WalkForwardTrainer initialized with 47 features
2026-01-31 09:55:50,841 - quant_alpha.models.trainer - INFO - Created 12 time splits
2026-01-31 09:55:50,884 - quant_alpha.models.boosting - INFO - LightGBMModel initialized with 47 features
2026-01-31 09:55:50,884 - quant_alpha.models.boosting - INFO - Training on 14,927 samples...
2026-01-31 09:55:50,912 - quant_alpha.models.boosting - INFO - Using 2,849 validation samples
2026-01-31 09:55:51,009 - quant_alpha.models.boosting - INFO - Training complete in 0.1s (best iteration: 6)
2026-01-31 09:55:51,349 - quant_alpha.models.boosting - INFO - LightGBMModel initialized with 47 features
2026-01-31 09:55:51,349 - quant_alpha.models.boosting - INFO - Training on 16,812 samples...
2026-01-31 09:55:51,376 - quant_alpha.models.boosting - INFO - Using 3,320 validation samples
2026-01-31 09:55:51,447 - quant_alpha.models.boosting - INFO - Training complete in 0.1s (best iteration: 8)
2026-01-31 09:55:51,816 - quant_alpha.models.boosting - INFO - LightGBMModel initialized with 47 features
2026-01-31 09:55:51,816 - quant_alpha.models.boosting - INFO - Training on 18,727 samples...
2026-01-31 09:55:51,844 - quant_alpha.models.boosting - INFO - Using 3,799 validation samples
2026-01-31 09:55:51,922 - quant_alpha.models.boosting - INFO - Training complete in 0.1s (best iteration: 2)
2026-01-31 09:55:52,396 - quant_alpha.models.boosting - INFO - LightGBMModel initialized with 47 features
2026-01-31 09:55:52,396 - quant_alpha.models.boosting - INFO - Training on 20,612 samples...
2026-01-31 09:55:52,428 - quant_alpha.models.boosting - INFO - Using 4,270 validation samples
2026-01-31 09:55:52,503 - quant_alpha.models.boosting - INFO - Training complete in 0.1s (best iteration: 1)
2026-01-31 09:55:53,038 - quant_alpha.models.boosting - INFO - LightGBMModel initialized with 47 features
2026-01-31 09:55:53,038 - quant_alpha.models.boosting - INFO - Training on 22,588 samples...
2026-01-31 09:55:53,060 - quant_alpha.models.boosting - INFO - Using 4,764 validation samples
2026-01-31 09:55:53,143 - quant_alpha.models.boosting - INFO - Training complete in 0.1s (best iteration: 2)
2026-01-31 09:55:53,609 - quant_alpha.models.boosting - INFO - LightGBMModel initialized with 47 features
2026-01-31 09:55:53,609 - quant_alpha.models.boosting - INFO - Training on 24,412 samples...
2026-01-31 09:55:53,646 - quant_alpha.models.boosting - INFO - Using 5,220 validation samples
2026-01-31 09:55:53,728 - quant_alpha.models.boosting - INFO - Training complete in 0.1s (best iteration: 1)
2026-01-31 09:55:54,250 - quant_alpha.models.boosting - INFO - LightGBMModel initialized with 47 features
2026-01-31 09:55:54,250 - quant_alpha.models.boosting - INFO - Training on 26,327 samples...
2026-01-31 09:55:54,286 - quant_alpha.models.boosting - INFO - Using 5,699 validation samples
2026-01-31 09:55:54,374 - quant_alpha.models.boosting - INFO - Training complete in 0.1s (best iteration: 4)
2026-01-31 09:55:54,941 - quant_alpha.models.boosting - INFO - LightGBMModel initialized with 47 features
2026-01-31 09:55:54,942 - quant_alpha.models.boosting - INFO - Training on 28,242 samples...
2026-01-31 09:55:54,979 - quant_alpha.models.boosting - INFO - Using 6,178 validation samples
2026-01-31 09:55:55,071 - quant_alpha.models.boosting - INFO - Training complete in 0.1s (best iteration: 1)
2026-01-31 09:55:55,731 - quant_alpha.models.boosting - INFO - LightGBMModel initialized with 47 features
2026-01-31 09:55:55,733 - quant_alpha.models.boosting - INFO - Training on 30,218 samples...
2026-01-31 09:55:55,773 - quant_alpha.models.boosting - INFO - Using 6,672 validation samples
2026-01-31 09:55:55,858 - quant_alpha.models.boosting - INFO - Training complete in 0.1s (best iteration: 1)
2026-01-31 09:55:56,509 - quant_alpha.models.boosting - INFO - LightGBMModel initialized with 47 features
2026-01-31 09:55:56,509 - quant_alpha.models.boosting - INFO - Training on 32,072 samples...
2026-01-31 09:55:56,551 - quant_alpha.models.boosting - INFO - Using 7,136 validation samples
2026-01-31 09:55:56,654 - quant_alpha.models.boosting - INFO - Training complete in 0.1s (best iteration: 3)
2026-01-31 09:55:57,392 - quant_alpha.models.boosting - INFO - LightGBMModel initialized with 47 features
2026-01-31 09:55:57,392 - quant_alpha.models.boosting - INFO - Training on 33,988 samples...
2026-01-31 09:55:57,425 - quant_alpha.models.boosting - INFO - Using 7,614 validation samples
2026-01-31 09:55:57,585 - quant_alpha.models.boosting - INFO - Training complete in 0.2s (best iteration: 1)
2026-01-31 09:55:58,310 - quant_alpha.models.boosting - INFO - LightGBMModel initialized with 47 features
2026-01-31 09:55:58,310 - quant_alpha.models.boosting - INFO - Training on 35,903 samples...
2026-01-31 09:55:58,356 - quant_alpha.models.boosting - INFO - Using 8,093 validation samples
2026-01-31 09:55:58,455 - quant_alpha.models.boosting - INFO - Training complete in 0.1s (best iteration: 3)
2026-01-31 09:55:59,627 - quant_alpha.models.trainer - INFO - Results saved to E:\coding\quant_alpha_research\results\validation_results.csv
