2026-02-07 12:23:32 - TestSystem - INFO - Info message: System start ho raha hai.
2026-02-07 12:23:32 - TestSystem - WARNING - Warning message: Ye ek warning test hai.
2026-02-07 12:23:32 - TestSystem - ERROR - Error message: Kuch galat hua (Sirf testing ke liye).
2026-02-07 12:29:29 - TestSystem - INFO - Info message: System start ho raha hai.
2026-02-07 12:29:29 - TestSystem - WARNING - Warning message: Ye ek warning test hai.
2026-02-07 12:29:29 - TestSystem - ERROR - Error message: Kuch galat hua (Sirf testing ke liye).
2026-02-07 12:29:39 - TestSystem - INFO - Info message: System start ho raha hai.
2026-02-07 12:29:39 - TestSystem - WARNING - Warning message: Ye ek warning test hai.
2026-02-07 12:29:39 - TestSystem - ERROR - Error message: Kuch galat hua (Sirf testing ke liye).
2026-02-07 15:49:21 - Quant_Alpha - INFO - ==================================================
2026-02-07 15:49:21 - Quant_Alpha - INFO - 🚀 QUANT ALPHA SYSTEM INITIALIZATION
2026-02-07 15:49:21 - Quant_Alpha - INFO - ==================================================
2026-02-07 15:49:21 - Quant_Alpha - INFO - 🛠️ Initializing PriceLoader...
2026-02-07 15:49:21 - Quant_Alpha - INFO - 🔄 Processing raw data for: sp500_prices.parquet
2026-02-07 15:49:21 - Quant_Alpha - INFO - 📂 Found 499 files. Loading...
2026-02-07 15:49:43 - Quant_Alpha - INFO - 🧹 Cleaning & Sorting data...
2026-02-07 15:49:43 - Quant_Alpha - INFO - ✅ Data Cleaned. Final Shape: (976019, 7)
2026-02-07 15:49:43 - Quant_Alpha - INFO - 💾 Saved to cache: sp500_prices.parquet (976,019 rows)
2026-02-07 15:49:43 - Quant_Alpha - INFO - 
==================================================
2026-02-07 15:49:43 - Quant_Alpha - INFO - ✅ SUCCESS! Data Loaded.
2026-02-07 15:49:43 - Quant_Alpha - INFO - 📊 Total Rows: 976,019
2026-02-07 15:49:44 - Quant_Alpha - INFO - 📅 Date Range: 2016-01-04 00:00:00 to 2023-12-29 00:00:00
2026-02-07 15:49:44 - Quant_Alpha - INFO - 🏢 Unique Tickers: 499
2026-02-07 15:49:44 - Quant_Alpha - INFO - ==================================================
2026-02-07 15:51:01 - Quant_Alpha - INFO - ==================================================
2026-02-07 15:51:01 - Quant_Alpha - INFO - 🚀 QUANT ALPHA SYSTEM INITIALIZATION
2026-02-07 15:51:01 - Quant_Alpha - INFO - ==================================================
2026-02-07 15:51:01 - Quant_Alpha - INFO - 🛠️ Initializing PriceLoader...
2026-02-07 15:51:01 - Quant_Alpha - INFO - 🚀 Loading from cache: sp500_prices.parquet
2026-02-07 15:51:01 - Quant_Alpha - INFO - 
==================================================
2026-02-07 15:51:01 - Quant_Alpha - INFO - ✅ SUCCESS! Data Loaded.
2026-02-07 15:51:01 - Quant_Alpha - INFO - 📊 Total Rows: 976,019
2026-02-07 15:51:01 - Quant_Alpha - INFO - 📅 Date Range: 2016-01-04 00:00:00 to 2023-12-29 00:00:00
2026-02-07 15:51:01 - Quant_Alpha - INFO - 🏢 Unique Tickers: 499
2026-02-07 15:51:01 - Quant_Alpha - INFO - ==================================================
2026-02-07 16:51:43 - Quant_Alpha - INFO - ==================================================
2026-02-07 16:51:43 - Quant_Alpha - INFO - 🚀 QUANT ALPHA SYSTEM INITIALIZATION
2026-02-07 16:51:43 - Quant_Alpha - INFO - ==================================================
2026-02-07 16:51:43 - Quant_Alpha - INFO - 
--- 1. Testing PriceLoader ---
2026-02-07 16:51:43 - Quant_Alpha - INFO - 🚀 Loading from cache: sp500_prices.parquet
2026-02-07 16:51:43 - Quant_Alpha - INFO - ✅ PRICES SUCCESS!
2026-02-07 16:51:43 - Quant_Alpha - INFO - 📊 Rows: 976,019
2026-02-07 16:51:43 - Quant_Alpha - INFO - 📅 Range: 2016-01-04 00:00:00 to 2023-12-29 00:00:00
2026-02-07 16:51:43 - Quant_Alpha - INFO - 🏢 Tickers: 499
2026-02-07 16:51:43 - Quant_Alpha - INFO - 
--- 2. Testing FundamentalLoader ---
2026-02-07 16:51:43 - Quant_Alpha - INFO - 🔄 Processing raw data for: fundamentals.parquet
2026-02-07 16:51:43 - Quant_Alpha - INFO - 📂 Found 499 folders. Extracting info...
2026-02-07 16:52:00 - Quant_Alpha - INFO - 🧹 Cleaning Fundamental data...
2026-02-07 16:52:00 - Quant_Alpha - INFO - ✅ Fundamentals Cleaned. Shape: (499, 9)
2026-02-07 16:52:00 - Quant_Alpha - INFO - 💾 Saved to cache: fundamentals.parquet (499 rows)
2026-02-07 16:52:00 - Quant_Alpha - INFO - ✅ FUNDAMENTALS SUCCESS!
2026-02-07 16:52:00 - Quant_Alpha - INFO - 📊 Stocks Found: 499
2026-02-07 16:52:00 - Quant_Alpha - INFO - 🏢 Sectors Found: 12
2026-02-07 16:52:00 - Quant_Alpha - INFO - 
==================================================
2026-02-07 16:52:00 - Quant_Alpha - INFO - 🎉 DATA ENGINE TEST COMPLETE
2026-02-07 16:52:00 - Quant_Alpha - INFO - ==================================================
2026-02-07 16:52:18 - Quant_Alpha - INFO - ==================================================
2026-02-07 16:52:18 - Quant_Alpha - INFO - 🚀 QUANT ALPHA SYSTEM INITIALIZATION
2026-02-07 16:52:18 - Quant_Alpha - INFO - ==================================================
2026-02-07 16:52:18 - Quant_Alpha - INFO - 
--- 1. Testing PriceLoader ---
2026-02-07 16:52:18 - Quant_Alpha - INFO - 🚀 Loading from cache: sp500_prices.parquet
2026-02-07 16:52:18 - Quant_Alpha - INFO - ✅ PRICES SUCCESS!
2026-02-07 16:52:18 - Quant_Alpha - INFO - 📊 Rows: 976,019
2026-02-07 16:52:18 - Quant_Alpha - INFO - 📅 Range: 2016-01-04 00:00:00 to 2023-12-29 00:00:00
2026-02-07 16:52:18 - Quant_Alpha - INFO - 🏢 Tickers: 499
2026-02-07 16:52:18 - Quant_Alpha - INFO - 
--- 2. Testing FundamentalLoader ---
2026-02-07 16:52:18 - Quant_Alpha - INFO - 🚀 Loading from cache: fundamentals.parquet
2026-02-07 16:52:18 - Quant_Alpha - INFO - ✅ FUNDAMENTALS SUCCESS!
2026-02-07 16:52:18 - Quant_Alpha - INFO - 📊 Stocks Found: 499
2026-02-07 16:52:18 - Quant_Alpha - INFO - 🏢 Sectors Found: 12
2026-02-07 16:52:18 - Quant_Alpha - INFO - 
==================================================
2026-02-07 16:52:18 - Quant_Alpha - INFO - 🎉 DATA ENGINE TEST COMPLETE
2026-02-07 16:52:18 - Quant_Alpha - INFO - ==================================================
2026-02-07 17:13:46 - Quant_Alpha - INFO - ==================================================
2026-02-07 17:13:46 - Quant_Alpha - INFO - 🚀 QUANT ALPHA SYSTEM INITIALIZATION
2026-02-07 17:13:46 - Quant_Alpha - INFO - ==================================================
2026-02-07 17:13:46 - Quant_Alpha - INFO - 
--- 1. Testing PriceLoader ---
2026-02-07 17:13:46 - Quant_Alpha - INFO - 🚀 Loading from cache: sp500_prices.parquet
2026-02-07 17:13:46 - Quant_Alpha - INFO - ✅ PRICES SUCCESS!
2026-02-07 17:13:46 - Quant_Alpha - INFO - 📊 Rows: 976,019
2026-02-07 17:13:46 - Quant_Alpha - INFO - 📅 Range: 2016-01-04 00:00:00 to 2023-12-29 00:00:00
2026-02-07 17:13:46 - Quant_Alpha - INFO - 🏢 Tickers: 499
2026-02-07 17:13:46 - Quant_Alpha - INFO - 
--- 2. Testing FundamentalLoader ---
2026-02-07 17:13:46 - Quant_Alpha - INFO - 🚀 Loading from cache: fundamentals.parquet
2026-02-07 17:13:46 - Quant_Alpha - INFO - ✅ FUNDAMENTALS SUCCESS!
2026-02-07 17:13:46 - Quant_Alpha - INFO - 📊 Stocks Found: 499
2026-02-07 17:13:46 - Quant_Alpha - INFO - 🏢 Sectors Found: 12
2026-02-07 17:13:46 - Quant_Alpha - INFO - 
==================================================
2026-02-07 17:13:46 - Quant_Alpha - INFO - 🎉 DATA ENGINE TEST COMPLETE
2026-02-07 17:13:46 - Quant_Alpha - INFO - ==================================================
2026-02-07 17:14:18 - Quant_Alpha - INFO - ==================================================
2026-02-07 17:14:18 - Quant_Alpha - INFO - 🚀 QUANT ALPHA SYSTEM INITIALIZATION
2026-02-07 17:14:18 - Quant_Alpha - INFO - ==================================================
2026-02-07 17:14:18 - Quant_Alpha - INFO - 
--- 1. Testing PriceLoader ---
2026-02-07 17:14:18 - Quant_Alpha - INFO - 🚀 Loading from cache: sp500_prices.parquet
2026-02-07 17:14:18 - Quant_Alpha - INFO - ✅ PRICES SUCCESS!
2026-02-07 17:14:18 - Quant_Alpha - INFO - 📊 Rows: 976,019
2026-02-07 17:14:18 - Quant_Alpha - INFO - 📅 Range: 2016-01-04 00:00:00 to 2023-12-29 00:00:00
2026-02-07 17:14:18 - Quant_Alpha - INFO - 🏢 Tickers: 499
2026-02-07 17:14:18 - Quant_Alpha - INFO - 
--- 2. Testing FundamentalLoader ---
2026-02-07 17:14:18 - Quant_Alpha - INFO - 🔄 Processing raw data for: fundamentals.parquet
2026-02-07 17:14:18 - Quant_Alpha - INFO - 📂 Found 499 folders. Extracting info...
2026-02-07 17:14:22 - Quant_Alpha - INFO - 🧹 Cleaning Fundamental data...
2026-02-07 17:14:22 - Quant_Alpha - INFO - ✅ Fundamentals Cleaned. Shape: (499, 21)
2026-02-07 17:14:22 - Quant_Alpha - INFO - 💾 Saved to cache: fundamentals.parquet (499 rows)
2026-02-07 17:14:22 - Quant_Alpha - INFO - ✅ FUNDAMENTALS SUCCESS!
2026-02-07 17:14:22 - Quant_Alpha - INFO - 📊 Stocks Found: 499
2026-02-07 17:14:22 - Quant_Alpha - INFO - 🏢 Sectors Found: 12
2026-02-07 17:14:23 - Quant_Alpha - INFO - 
==================================================
2026-02-07 17:14:23 - Quant_Alpha - INFO - 🎉 DATA ENGINE TEST COMPLETE
2026-02-07 17:14:23 - Quant_Alpha - INFO - ==================================================
2026-02-07 18:03:00 - Quant_Alpha - INFO - ==================================================
2026-02-07 18:03:00 - Quant_Alpha - INFO - 🚀 QUANT ALPHA SYSTEM - DATA VERIFICATION
2026-02-07 18:03:00 - Quant_Alpha - INFO - ==================================================
2026-02-07 18:03:00 - Quant_Alpha - INFO - 
--- 1. Testing PriceLoader ---
2026-02-07 18:03:00 - Quant_Alpha - INFO - 🚀 Loading from cache: sp500_prices.parquet
2026-02-07 18:03:01 - Quant_Alpha - INFO - ✅ PRICES SUCCESS!
2026-02-07 18:03:01 - Quant_Alpha - INFO - 📊 Rows: 976,019
2026-02-07 18:03:02 - Quant_Alpha - INFO - 📅 Range: 2016-01-04 00:00:00 to 2023-12-29 00:00:00
2026-02-07 18:03:02 - Quant_Alpha - INFO - 
--- 2. Testing FundamentalLoader ---
2026-02-07 18:03:02 - Quant_Alpha - INFO - 🔄 Processing raw data for: fundamentals.parquet
2026-02-07 18:03:02 - Quant_Alpha - INFO - 📂 Found 499 folders. Extracting info...
2026-02-07 18:03:07 - Quant_Alpha - INFO - 🧹 Cleaning Fundamental data...
2026-02-07 18:03:07 - Quant_Alpha - INFO - ✅ Fundamentals Cleaned. Shape: (499, 21)
2026-02-07 18:03:07 - Quant_Alpha - INFO - 💾 Saved to cache: fundamentals.parquet (499 rows)
2026-02-07 18:03:07 - Quant_Alpha - INFO - ✅ FUNDAMENTALS SUCCESS!
2026-02-07 18:03:07 - Quant_Alpha - INFO - 📊 Stocks Found: 499
2026-02-07 18:03:07 - Quant_Alpha - INFO - ✨ SUCCESS: Advanced Metrics (ROE, EPS) Detected!
2026-02-07 18:03:07 - Quant_Alpha - INFO - 
==================================================
2026-02-07 18:03:07 - Quant_Alpha - INFO - 🎉 DATA ENGINE TEST COMPLETE
2026-02-07 18:03:07 - Quant_Alpha - INFO - ==================================================
2026-02-07 18:38:37 - Quant_Alpha - INFO - ==================================================
2026-02-07 18:38:37 - Quant_Alpha - INFO - 🚀 QUANT ALPHA SYSTEM - DATA VERIFICATION
2026-02-07 18:38:37 - Quant_Alpha - INFO - ==================================================
2026-02-07 18:38:37 - Quant_Alpha - INFO - 
--- 1. Testing PriceLoader ---
2026-02-07 18:38:37 - Quant_Alpha - INFO - 🚀 Loading from cache: sp500_prices.parquet
2026-02-07 18:38:37 - Quant_Alpha - INFO - ✅ PRICES SUCCESS!
2026-02-07 18:38:37 - Quant_Alpha - INFO - 📊 Rows: 976,019
2026-02-07 18:38:37 - Quant_Alpha - INFO - 📅 Range: 2016-01-04 00:00:00 to 2023-12-29 00:00:00
2026-02-07 18:38:37 - Quant_Alpha - INFO - 
--- 2. Testing FundamentalLoader ---
2026-02-07 18:38:37 - Quant_Alpha - INFO - 🔄 Processing raw data for: fundamentals.parquet
2026-02-07 18:38:37 - Quant_Alpha - INFO - 📂 Found 499 folders. Extracting info...
2026-02-07 18:38:41 - Quant_Alpha - INFO - 🧹 Cleaning Fundamental data...
2026-02-07 18:38:41 - Quant_Alpha - INFO - ✂️  Clipping Outliers (1% - 99%)...
2026-02-07 18:38:41 - Quant_Alpha - INFO - ✅ Fundamentals Cleaned. Shape: (499, 21)
2026-02-07 18:38:41 - Quant_Alpha - INFO - 💾 Saved to cache: fundamentals.parquet (499 rows)
2026-02-07 18:38:41 - Quant_Alpha - INFO - ✅ FUNDAMENTALS SUCCESS!
2026-02-07 18:38:41 - Quant_Alpha - INFO - 📊 Stocks Found: 499
2026-02-07 18:38:41 - Quant_Alpha - INFO - ✨ SUCCESS: Advanced Metrics (ROE, EPS) Detected!
2026-02-07 18:38:41 - Quant_Alpha - INFO - 
==================================================
2026-02-07 18:38:41 - Quant_Alpha - INFO - 🎉 DATA ENGINE TEST COMPLETE
2026-02-07 18:38:41 - Quant_Alpha - INFO - ==================================================
2026-02-07 19:11:42 - Quant_Alpha - INFO - ==================================================
2026-02-07 19:11:42 - Quant_Alpha - INFO - 🚀 QUANT ALPHA SYSTEM - DATA VERIFICATION
2026-02-07 19:11:42 - Quant_Alpha - INFO - ==================================================
2026-02-07 19:11:42 - Quant_Alpha - INFO - 
--- 1. Testing PriceLoader ---
2026-02-07 19:11:42 - Quant_Alpha - INFO - 🚀 Loading from cache: sp500_prices.parquet
2026-02-07 19:11:42 - Quant_Alpha - INFO - 🧐 Auditing Data Integrity...
2026-02-07 19:11:42 - Quant_Alpha - INFO - ✅ Data is clean (0 NaNs).
2026-02-07 19:11:42 - Quant_Alpha - INFO - ✅ PRICES SUCCESS!
2026-02-07 19:11:42 - Quant_Alpha - INFO - 📊 Rows: 976,019
2026-02-07 19:11:42 - Quant_Alpha - INFO - 📅 Range: 2016-01-04 00:00:00 to 2023-12-29 00:00:00
2026-02-07 19:11:42 - Quant_Alpha - INFO - 
--- 2. Testing FundamentalLoader ---
2026-02-07 19:11:42 - Quant_Alpha - INFO - 🔄 Processing raw data for: fundamentals.parquet
2026-02-07 19:11:42 - Quant_Alpha - INFO - 📂 Found 499 folders. Extracting info...
2026-02-07 19:11:47 - Quant_Alpha - INFO - 🧹 Cleaning Fundamental data...
2026-02-07 19:11:47 - Quant_Alpha - INFO - ✂️ Clipping Outliers (1% - 99%)...
2026-02-07 19:11:47 - Quant_Alpha - INFO - ✅ Fundamentals Cleaned. Shape: (499, 20)
2026-02-07 19:11:47 - Quant_Alpha - INFO - 💾 Saved to cache: fundamentals.parquet (499 rows)
2026-02-07 19:11:47 - Quant_Alpha - INFO - 🧐 Auditing Data Integrity...
2026-02-07 19:11:47 - Quant_Alpha - WARNING - ⚠️ Data contains NaNs (Total Rows: 499):
2026-02-07 19:11:47 - Quant_Alpha - WARNING -    - beta: 9 missing (1.80%)
2026-02-07 19:11:47 - Quant_Alpha - WARNING -    - pe_ratio: 26 missing (5.21%)
2026-02-07 19:11:47 - Quant_Alpha - WARNING -    - peg_ratio: 499 missing (100.00%)
2026-02-07 19:11:47 - Quant_Alpha - WARNING -    - eps: 1 missing (0.20%)
2026-02-07 19:11:47 - Quant_Alpha - WARNING -    - roe: 30 missing (6.01%)
2026-02-07 19:11:47 - Quant_Alpha - WARNING -    - roa: 16 missing (3.21%)
2026-02-07 19:11:47 - Quant_Alpha - WARNING -    - op_margin: 1 missing (0.20%)
2026-02-07 19:11:47 - Quant_Alpha - WARNING -    - gross_margin: 1 missing (0.20%)
2026-02-07 19:11:47 - Quant_Alpha - WARNING -    - debt_to_equity: 53 missing (10.62%)
2026-02-07 19:11:47 - Quant_Alpha - WARNING -    - current_ratio: 35 missing (7.01%)
2026-02-07 19:11:47 - Quant_Alpha - WARNING -    - quick_ratio: 35 missing (7.01%)
2026-02-07 19:11:47 - Quant_Alpha - WARNING -    - fcf: 61 missing (12.22%)
2026-02-07 19:11:47 - Quant_Alpha - WARNING -    - op_cashflow: 56 missing (11.22%)
2026-02-07 19:11:47 - Quant_Alpha - WARNING -    - rev_growth: 3 missing (0.60%)
2026-02-07 19:11:47 - Quant_Alpha - WARNING -    - earnings_growth: 57 missing (11.42%)
2026-02-07 19:11:47 - Quant_Alpha - INFO - ✅ FUNDAMENTALS SUCCESS!
2026-02-07 19:11:47 - Quant_Alpha - INFO - 📊 Stocks Found: 499
2026-02-07 19:11:47 - Quant_Alpha - INFO - ✨ SUCCESS: Advanced Metrics (ROE, EPS) Detected!
2026-02-07 19:11:47 - Quant_Alpha - INFO - 
==================================================
2026-02-07 19:11:47 - Quant_Alpha - INFO - 🎉 DATA ENGINE TEST COMPLETE
2026-02-07 19:11:47 - Quant_Alpha - INFO - ==================================================
2026-02-08 15:37:44 - Quant_Alpha - INFO - ==================================================
2026-02-08 15:37:44 - Quant_Alpha - INFO - 🚀 QUANT ALPHA SYSTEM - DATA VERIFICATION
2026-02-08 15:37:44 - Quant_Alpha - INFO - ==================================================
2026-02-08 15:37:44 - Quant_Alpha - INFO - 
--- 1. Testing PriceLoader ---
2026-02-08 15:37:44 - Quant_Alpha - INFO - 🚀 Loading from cache: sp500_prices.parquet
2026-02-08 15:37:45 - Quant_Alpha - INFO - 🧐 Auditing Data Integrity...
2026-02-08 15:37:45 - Quant_Alpha - INFO - ✅ Data is clean (0 NaNs).
2026-02-08 15:37:45 - Quant_Alpha - INFO - ✅ PRICES SUCCESS!
2026-02-08 15:37:45 - Quant_Alpha - INFO - 📊 Rows: 976,019
2026-02-08 15:37:45 - Quant_Alpha - INFO - 📅 Range: 2016-01-04 00:00:00 to 2023-12-29 00:00:00
2026-02-08 15:37:45 - Quant_Alpha - INFO - 
--- 2. Testing FundamentalLoader ---
2026-02-08 15:37:45 - Quant_Alpha - INFO - 🔄 Processing raw data for: fundamentals.parquet
2026-02-08 15:37:45 - Quant_Alpha - INFO - 📂 Found 499 folders. Extracting info...
2026-02-08 15:37:59 - Quant_Alpha - INFO - 🧹 Cleaning Fundamental data...
2026-02-08 15:37:59 - Quant_Alpha - INFO - ✂️ Clipping Outliers (1% - 99%)...
2026-02-08 15:37:59 - Quant_Alpha - INFO - ✅ Fundamentals Cleaned. Shape: (499, 20)
2026-02-08 15:37:59 - Quant_Alpha - INFO - 💾 Saved to cache: fundamentals.parquet (499 rows)
2026-02-08 15:37:59 - Quant_Alpha - INFO - 🧐 Auditing Data Integrity...
2026-02-08 15:37:59 - Quant_Alpha - WARNING - ⚠️ Data contains NaNs (Total Rows: 499):
2026-02-08 15:37:59 - Quant_Alpha - WARNING -    - beta: 9 missing (1.80%)
2026-02-08 15:37:59 - Quant_Alpha - WARNING -    - pe_ratio: 26 missing (5.21%)
2026-02-08 15:37:59 - Quant_Alpha - WARNING -    - peg_ratio: 499 missing (100.00%)
2026-02-08 15:37:59 - Quant_Alpha - WARNING -    - eps: 1 missing (0.20%)
2026-02-08 15:37:59 - Quant_Alpha - WARNING -    - roe: 30 missing (6.01%)
2026-02-08 15:37:59 - Quant_Alpha - WARNING -    - roa: 16 missing (3.21%)
2026-02-08 15:37:59 - Quant_Alpha - WARNING -    - op_margin: 1 missing (0.20%)
2026-02-08 15:37:59 - Quant_Alpha - WARNING -    - gross_margin: 1 missing (0.20%)
2026-02-08 15:37:59 - Quant_Alpha - WARNING -    - debt_to_equity: 53 missing (10.62%)
2026-02-08 15:37:59 - Quant_Alpha - WARNING -    - current_ratio: 35 missing (7.01%)
2026-02-08 15:37:59 - Quant_Alpha - WARNING -    - quick_ratio: 35 missing (7.01%)
2026-02-08 15:37:59 - Quant_Alpha - WARNING -    - fcf: 61 missing (12.22%)
2026-02-08 15:37:59 - Quant_Alpha - WARNING -    - op_cashflow: 56 missing (11.22%)
2026-02-08 15:37:59 - Quant_Alpha - WARNING -    - rev_growth: 3 missing (0.60%)
2026-02-08 15:37:59 - Quant_Alpha - WARNING -    - earnings_growth: 57 missing (11.42%)
2026-02-08 15:37:59 - Quant_Alpha - INFO - ✅ FUNDAMENTALS SUCCESS!
2026-02-08 15:37:59 - Quant_Alpha - INFO - 📊 Stocks Found: 499
2026-02-08 15:37:59 - Quant_Alpha - INFO - ✨ SUCCESS: Advanced Metrics (ROE, EPS) Detected!
2026-02-08 15:37:59 - Quant_Alpha - INFO - 
--- 3. Testing EarningsLoader ---
2026-02-08 15:37:59 - Quant_Alpha - INFO - 🔄 Processing raw data for: earnings.parquet
2026-02-08 15:37:59 - Quant_Alpha - INFO - 📂 Found 499 earnings files. Loading...
2026-02-08 15:38:08 - Quant_Alpha - INFO - 🧹 Cleaning Earnings Data...
2026-02-08 15:38:08 - Quant_Alpha - INFO - ⏳ Applying 1-Day Lag to prevent cheating...
2026-02-08 15:38:08 - Quant_Alpha - INFO - ✅ Earnings Loaded. Shape: (6247, 5)
2026-02-08 15:38:08 - Quant_Alpha - INFO - 💾 Saved to cache: earnings.parquet (6,247 rows)
2026-02-08 15:38:08 - Quant_Alpha - INFO - 🧐 Auditing Data Integrity...
2026-02-08 15:38:08 - Quant_Alpha - WARNING - ⚠️ Data contains NaNs (Total Rows: 6247):
2026-02-08 15:38:08 - Quant_Alpha - WARNING -    - eps_estimate: 4 missing (0.06%)
2026-02-08 15:38:08 - Quant_Alpha - WARNING -    - surprise_pct: 2 missing (0.03%)
2026-02-08 15:38:08 - Quant_Alpha - INFO - ✅ EARNINGS SUCCESS!
2026-02-08 15:38:08 - Quant_Alpha - INFO - 📊 Records Found: 6,247
2026-02-08 15:38:08 - Quant_Alpha - INFO - ✨ Success: Earnings Surprise Data Loaded!
2026-02-08 15:38:08 - Quant_Alpha - INFO - 
==================================================
2026-02-08 15:38:08 - Quant_Alpha - INFO - 🎉 DATA ENGINE TEST COMPLETE
2026-02-08 15:38:08 - Quant_Alpha - INFO - ==================================================
2026-02-08 16:40:19 - Quant_Alpha - INFO - ==================================================
2026-02-08 16:40:19 - Quant_Alpha - INFO - 🚀 QUANT ALPHA SYSTEM - DATA VERIFICATION
2026-02-08 16:40:19 - Quant_Alpha - INFO - ==================================================
2026-02-08 16:40:19 - Quant_Alpha - INFO - 
--- 1. Testing PriceLoader ---
2026-02-08 16:40:19 - Quant_Alpha - INFO - 🚀 Loading from cache: sp500_prices.parquet
2026-02-08 16:40:19 - Quant_Alpha - INFO - 🧐 Auditing Data Integrity...
2026-02-08 16:40:19 - Quant_Alpha - INFO - ✅ Data is clean (0 NaNs).
2026-02-08 16:40:19 - Quant_Alpha - INFO - ✅ PRICES SUCCESS!
2026-02-08 16:40:19 - Quant_Alpha - INFO - 📊 Rows: 976,019
2026-02-08 16:40:19 - Quant_Alpha - INFO - 📅 Range: 2016-01-04 00:00:00 to 2023-12-29 00:00:00
2026-02-08 16:40:19 - Quant_Alpha - INFO - 
--- 2. Testing FundamentalLoader ---
2026-02-08 16:40:19 - Quant_Alpha - INFO - 🔄 Processing raw data for: fundamentals.parquet
2026-02-08 16:40:19 - Quant_Alpha - INFO - 📂 Found 499 folders. Extracting info...
2026-02-08 16:40:24 - Quant_Alpha - INFO - 🧹 Cleaning Fundamental data...
2026-02-08 16:40:24 - Quant_Alpha - INFO - ✂️ Clipping Outliers (1% - 99%)...
2026-02-08 16:40:24 - Quant_Alpha - INFO - ✅ Fundamentals Cleaned. Shape: (499, 20)
2026-02-08 16:40:24 - Quant_Alpha - INFO - 💾 Saved to cache: fundamentals.parquet (499 rows)
2026-02-08 16:40:24 - Quant_Alpha - INFO - 🧐 Auditing Data Integrity...
2026-02-08 16:40:24 - Quant_Alpha - WARNING - ⚠️ Data contains NaNs (Total Rows: 499):
2026-02-08 16:40:24 - Quant_Alpha - WARNING -    - beta: 9 missing (1.80%)
2026-02-08 16:40:24 - Quant_Alpha - WARNING -    - pe_ratio: 26 missing (5.21%)
2026-02-08 16:40:24 - Quant_Alpha - WARNING -    - peg_ratio: 499 missing (100.00%)
2026-02-08 16:40:24 - Quant_Alpha - WARNING -    - eps: 1 missing (0.20%)
2026-02-08 16:40:24 - Quant_Alpha - WARNING -    - roe: 30 missing (6.01%)
2026-02-08 16:40:24 - Quant_Alpha - WARNING -    - roa: 16 missing (3.21%)
2026-02-08 16:40:24 - Quant_Alpha - WARNING -    - op_margin: 1 missing (0.20%)
2026-02-08 16:40:24 - Quant_Alpha - WARNING -    - gross_margin: 1 missing (0.20%)
2026-02-08 16:40:24 - Quant_Alpha - WARNING -    - debt_to_equity: 53 missing (10.62%)
2026-02-08 16:40:24 - Quant_Alpha - WARNING -    - current_ratio: 35 missing (7.01%)
2026-02-08 16:40:24 - Quant_Alpha - WARNING -    - quick_ratio: 35 missing (7.01%)
2026-02-08 16:40:24 - Quant_Alpha - WARNING -    - fcf: 61 missing (12.22%)
2026-02-08 16:40:24 - Quant_Alpha - WARNING -    - op_cashflow: 56 missing (11.22%)
2026-02-08 16:40:24 - Quant_Alpha - WARNING -    - rev_growth: 3 missing (0.60%)
2026-02-08 16:40:24 - Quant_Alpha - WARNING -    - earnings_growth: 57 missing (11.42%)
2026-02-08 16:40:24 - Quant_Alpha - INFO - ✅ FUNDAMENTALS SUCCESS!
2026-02-08 16:40:24 - Quant_Alpha - INFO - 📊 Stocks Found: 499
2026-02-08 16:40:24 - Quant_Alpha - INFO - ✨ SUCCESS: Advanced Metrics (ROE, EPS) Detected!
2026-02-08 16:40:24 - Quant_Alpha - INFO - 
--- 3. Testing EarningsLoader ---
2026-02-08 16:40:24 - Quant_Alpha - INFO - 🔄 Processing raw data for: earnings.parquet
2026-02-08 16:40:24 - Quant_Alpha - INFO - 📂 Found 499 earnings files. Loading...
2026-02-08 16:40:25 - Quant_Alpha - INFO - 🧹 Cleaning Earnings Data...
2026-02-08 16:40:25 - Quant_Alpha - INFO - ⏳ Applying 1-Day Lag to prevent cheating...
2026-02-08 16:40:25 - Quant_Alpha - INFO - ✅ Earnings Loaded. Shape: (6247, 5)
2026-02-08 16:40:25 - Quant_Alpha - INFO - 💾 Saved to cache: earnings.parquet (6,247 rows)
2026-02-08 16:40:25 - Quant_Alpha - INFO - 🧐 Auditing Data Integrity...
2026-02-08 16:40:25 - Quant_Alpha - WARNING - ⚠️ Data contains NaNs (Total Rows: 6247):
2026-02-08 16:40:25 - Quant_Alpha - WARNING -    - eps_estimate: 4 missing (0.06%)
2026-02-08 16:40:25 - Quant_Alpha - WARNING -    - surprise_pct: 2 missing (0.03%)
2026-02-08 16:40:25 - Quant_Alpha - INFO - ✅ EARNINGS SUCCESS!
2026-02-08 16:40:25 - Quant_Alpha - INFO - 📊 Records Found: 6,247
2026-02-08 16:40:25 - Quant_Alpha - INFO - ✨ Success: Earnings Surprise Data Loaded!
2026-02-08 16:40:25 - Quant_Alpha - INFO - 
--- 4. Testing AlternativeLoader ---
2026-02-08 16:40:25 - Quant_Alpha - INFO - 🔄 Processing raw data for: alternative.parquet
2026-02-08 16:40:25 - Quant_Alpha - INFO - 🔗 Merging Alternative Data CSVs...
2026-02-08 16:40:25 - Quant_Alpha - INFO - 🧹 Cleaning Alternative Data...
2026-02-08 16:40:25 - Quant_Alpha - INFO - ✅ Alternative Data Loaded. Shape: (2013, 6)
2026-02-08 16:40:25 - Quant_Alpha - INFO - 💾 Saved to cache: alternative.parquet (2,013 rows)
2026-02-08 16:40:25 - Quant_Alpha - INFO - 🧐 Auditing Data Integrity...
2026-02-08 16:40:25 - Quant_Alpha - INFO - ✅ Data is clean (0 NaNs).
2026-02-08 16:40:25 - Quant_Alpha - INFO - ✅ ALTERNATIVES DATA SUCCESS!
2026-02-08 16:40:25 - Quant_Alpha - INFO - 📊 Shape: (2013, 6)
2026-02-08 16:40:25 - Quant_Alpha - INFO - 🌍 Columns Found: ['date', 'vix', 'oil', 'us10y', 'dxy', 'sp500_idx']
2026-02-08 16:40:25 - Quant_Alpha - INFO - 
==================================================
2026-02-08 16:40:25 - Quant_Alpha - INFO - 🎉 DATA ENGINE TEST COMPLETE
2026-02-08 16:40:25 - Quant_Alpha - INFO - ==================================================
2026-02-08 16:40:35 - Quant_Alpha - INFO - ==================================================
2026-02-08 16:40:35 - Quant_Alpha - INFO - 🚀 QUANT ALPHA SYSTEM - DATA VERIFICATION
2026-02-08 16:40:35 - Quant_Alpha - INFO - ==================================================
2026-02-08 16:40:35 - Quant_Alpha - INFO - 
--- 1. Testing PriceLoader ---
2026-02-08 16:40:35 - Quant_Alpha - INFO - 🚀 Loading from cache: sp500_prices.parquet
2026-02-08 16:40:35 - Quant_Alpha - INFO - 🧐 Auditing Data Integrity...
2026-02-08 16:40:35 - Quant_Alpha - INFO - ✅ Data is clean (0 NaNs).
2026-02-08 16:40:35 - Quant_Alpha - INFO - ✅ PRICES SUCCESS!
2026-02-08 16:40:35 - Quant_Alpha - INFO - 📊 Rows: 976,019
2026-02-08 16:40:35 - Quant_Alpha - INFO - 📅 Range: 2016-01-04 00:00:00 to 2023-12-29 00:00:00
2026-02-08 16:40:35 - Quant_Alpha - INFO - 
--- 2. Testing FundamentalLoader ---
2026-02-08 16:40:35 - Quant_Alpha - INFO - 🔄 Processing raw data for: fundamentals.parquet
2026-02-08 16:40:35 - Quant_Alpha - INFO - 📂 Found 499 folders. Extracting info...
2026-02-08 16:40:39 - Quant_Alpha - INFO - 🧹 Cleaning Fundamental data...
2026-02-08 16:40:39 - Quant_Alpha - INFO - ✂️ Clipping Outliers (1% - 99%)...
2026-02-08 16:40:39 - Quant_Alpha - INFO - ✅ Fundamentals Cleaned. Shape: (499, 20)
2026-02-08 16:40:39 - Quant_Alpha - INFO - 💾 Saved to cache: fundamentals.parquet (499 rows)
2026-02-08 16:40:39 - Quant_Alpha - INFO - 🧐 Auditing Data Integrity...
2026-02-08 16:40:39 - Quant_Alpha - WARNING - ⚠️ Data contains NaNs (Total Rows: 499):
2026-02-08 16:40:39 - Quant_Alpha - WARNING -    - beta: 9 missing (1.80%)
2026-02-08 16:40:39 - Quant_Alpha - WARNING -    - pe_ratio: 26 missing (5.21%)
2026-02-08 16:40:39 - Quant_Alpha - WARNING -    - peg_ratio: 499 missing (100.00%)
2026-02-08 16:40:39 - Quant_Alpha - WARNING -    - eps: 1 missing (0.20%)
2026-02-08 16:40:39 - Quant_Alpha - WARNING -    - roe: 30 missing (6.01%)
2026-02-08 16:40:39 - Quant_Alpha - WARNING -    - roa: 16 missing (3.21%)
2026-02-08 16:40:39 - Quant_Alpha - WARNING -    - op_margin: 1 missing (0.20%)
2026-02-08 16:40:39 - Quant_Alpha - WARNING -    - gross_margin: 1 missing (0.20%)
2026-02-08 16:40:39 - Quant_Alpha - WARNING -    - debt_to_equity: 53 missing (10.62%)
2026-02-08 16:40:39 - Quant_Alpha - WARNING -    - current_ratio: 35 missing (7.01%)
2026-02-08 16:40:39 - Quant_Alpha - WARNING -    - quick_ratio: 35 missing (7.01%)
2026-02-08 16:40:39 - Quant_Alpha - WARNING -    - fcf: 61 missing (12.22%)
2026-02-08 16:40:39 - Quant_Alpha - WARNING -    - op_cashflow: 56 missing (11.22%)
2026-02-08 16:40:39 - Quant_Alpha - WARNING -    - rev_growth: 3 missing (0.60%)
2026-02-08 16:40:39 - Quant_Alpha - WARNING -    - earnings_growth: 57 missing (11.42%)
2026-02-08 16:40:39 - Quant_Alpha - INFO - ✅ FUNDAMENTALS SUCCESS!
2026-02-08 16:40:39 - Quant_Alpha - INFO - 📊 Stocks Found: 499
2026-02-08 16:40:39 - Quant_Alpha - INFO - ✨ SUCCESS: Advanced Metrics (ROE, EPS) Detected!
2026-02-08 16:40:39 - Quant_Alpha - INFO - 
--- 3. Testing EarningsLoader ---
2026-02-08 16:40:39 - Quant_Alpha - INFO - 🔄 Processing raw data for: earnings.parquet
2026-02-08 16:40:39 - Quant_Alpha - INFO - 📂 Found 499 earnings files. Loading...
2026-02-08 16:40:40 - Quant_Alpha - INFO - 🧹 Cleaning Earnings Data...
2026-02-08 16:40:40 - Quant_Alpha - INFO - ⏳ Applying 1-Day Lag to prevent cheating...
2026-02-08 16:40:40 - Quant_Alpha - INFO - ✅ Earnings Loaded. Shape: (6247, 5)
2026-02-08 16:40:40 - Quant_Alpha - INFO - 💾 Saved to cache: earnings.parquet (6,247 rows)
2026-02-08 16:40:40 - Quant_Alpha - INFO - 🧐 Auditing Data Integrity...
2026-02-08 16:40:40 - Quant_Alpha - WARNING - ⚠️ Data contains NaNs (Total Rows: 6247):
2026-02-08 16:40:40 - Quant_Alpha - WARNING -    - eps_estimate: 4 missing (0.06%)
2026-02-08 16:40:40 - Quant_Alpha - WARNING -    - surprise_pct: 2 missing (0.03%)
2026-02-08 16:40:40 - Quant_Alpha - INFO - ✅ EARNINGS SUCCESS!
2026-02-08 16:40:40 - Quant_Alpha - INFO - 📊 Records Found: 6,247
2026-02-08 16:40:40 - Quant_Alpha - INFO - ✨ Success: Earnings Surprise Data Loaded!
2026-02-08 16:40:40 - Quant_Alpha - INFO - 
--- 4. Testing AlternativeLoader ---
2026-02-08 16:40:40 - Quant_Alpha - INFO - 🔄 Processing raw data for: alternative.parquet
2026-02-08 16:40:40 - Quant_Alpha - INFO - 🔗 Merging Alternative Data CSVs...
2026-02-08 16:40:40 - Quant_Alpha - INFO - 🧹 Cleaning Alternative Data...
2026-02-08 16:40:40 - Quant_Alpha - INFO - ✅ Alternative Data Loaded. Shape: (2013, 6)
2026-02-08 16:40:40 - Quant_Alpha - INFO - 💾 Saved to cache: alternative.parquet (2,013 rows)
2026-02-08 16:40:40 - Quant_Alpha - INFO - 🧐 Auditing Data Integrity...
2026-02-08 16:40:40 - Quant_Alpha - INFO - ✅ Data is clean (0 NaNs).
2026-02-08 16:40:40 - Quant_Alpha - INFO - ✅ ALTERNATIVES DATA SUCCESS!
2026-02-08 16:40:40 - Quant_Alpha - INFO - 📊 Shape: (2013, 6)
2026-02-08 16:40:40 - Quant_Alpha - INFO - 🌍 Columns Found: ['date', 'vix', 'oil', 'us10y', 'dxy', 'sp500_idx']
2026-02-08 16:40:40 - Quant_Alpha - INFO - 
==================================================
2026-02-08 16:40:40 - Quant_Alpha - INFO - 🎉 DATA ENGINE TEST COMPLETE
2026-02-08 16:40:40 - Quant_Alpha - INFO - ==================================================
2026-02-11 09:22:13 - Quant_Alpha - INFO - ✅ FactorRegistry initialized with 2 factors.
2026-02-11 09:22:13 - Quant_Alpha - INFO - ⚙️ Computing 2 factors (Parallel)...
2026-02-11 09:22:13 - Quant_Alpha - INFO - 🔗 Merging features...
2026-02-11 09:22:13 - Quant_Alpha - INFO - ✅ Computed 2/2 factors in 0.02s
2026-02-11 09:22:13 - Quant_Alpha - INFO - 🔍 Analyzing Feature Correlations...
2026-02-11 09:22:13 - Quant_Alpha - INFO - ✂️ Dropped 0 correlated features. Kept 2.
2026-02-11 09:23:32 - Quant_Alpha - INFO - ✅ FactorRegistry initialized with 2 factors.
2026-02-11 09:23:32 - Quant_Alpha - INFO - ⚙️ Computing 2 factors (Parallel)...
2026-02-11 09:23:32 - Quant_Alpha - INFO - 🔗 Merging features...
2026-02-11 09:23:32 - Quant_Alpha - INFO - ✅ Computed 2/2 factors in 0.02s
2026-02-11 09:23:32 - Quant_Alpha - INFO - 🔍 Analyzing Feature Correlations...
2026-02-11 09:23:32 - Quant_Alpha - INFO - ✂️ Dropped 0 correlated features. Kept 2.
